[2020/02/26 23:09:58][CONFIG][initService]  Starting service...
[2020/02/26 23:09:58][CONFIG][currentConfigs]  Scheme: http://
[2020/02/26 23:09:58][CONFIG][currentConfigs]  Hostname: 0.0.0.0
[2020/02/26 23:09:58][CONFIG][currentConfigs]  Port: 12345
[2020/02/26 23:09:58][CONFIG][currentConfigs]  Path: /api/g
[2020/02/26 23:09:58][CONFIG][currentConfigs]  Logger output directory: ./logs/
[2020/02/26 23:09:58][CONFIG][currentConfigs]  Database hostname: localhost
[2020/02/26 23:09:58][CONFIG][currentConfigs]  Database port: 3310
[2020/02/26 23:09:58][CONFIG][currentConfigs]  Database username: cs122bg21
[2020/02/26 23:09:58][CONFIG][currentConfigs]  Database password provided? true
[2020/02/26 23:09:58][CONFIG][currentConfigs]  Database name: cs122bg21
[2020/02/26 23:09:58][CONFIG][currentConfigs]  Database driver: com.mysql.cj.jdbc.Driver
[2020/02/26 23:09:58][CONFIG][currentConfigs]  Database connection settings: ?autoReconnect=true&useJDBCCompliantTimezoneShift=true&useLegacyDatetimeCode=false&serverTimezone=PST
[2020/02/26 23:09:58][CONFIG][currentConfigs]  IDM Scheme: http://
[2020/02/26 23:09:58][CONFIG][currentConfigs]  IDM Hostname: 0.0.0.0
[2020/02/26 23:09:58][CONFIG][currentConfigs]  IDM Port: 12346
[2020/02/26 23:09:58][CONFIG][currentConfigs]  IDM Path: /api/idm
[2020/02/26 23:09:58][CONFIG][currentConfigs]  IDM Endpoints: 
	/register
	/login
	/session
	/privilege
[2020/02/26 23:09:58][CONFIG][currentConfigs]  Movies Scheme: http://
[2020/02/26 23:09:58][CONFIG][currentConfigs]  Movies Hostname: 0.0.0.0
[2020/02/26 23:09:58][CONFIG][currentConfigs]  Movies Port: 12347
[2020/02/26 23:09:58][CONFIG][currentConfigs]  Movies Path: /api/movies
[2020/02/26 23:09:58][CONFIG][currentConfigs]  Movies Endpoints: 
	/search
	/browse/
	/get/
	/thumbnail
	/people
	/people/search
	/people/get/
[2020/02/26 23:09:58][CONFIG][currentConfigs]  Billing Scheme: http://
[2020/02/26 23:09:58][CONFIG][currentConfigs]  Billing Hostname: 0.0.0.0
[2020/02/26 23:09:58][CONFIG][currentConfigs]  Billing Port: 12348
[2020/02/26 23:09:58][CONFIG][currentConfigs]  Billing Path: /api/billing
[2020/02/26 23:09:58][CONFIG][currentConfigs]  Billing Endpoints: 
	/cart/insert
	/cart/update
	/cart/delete
	/cart/retrieve
	/cart/clear
	/order/place
	/order/retrieve
	/order/complete
[2020/02/26 23:09:58][CONFIG][currentConfigs]  Number of Threads: 10
[2020/02/26 23:09:58][CONFIG][currentConfigs]  Request Delay: 5
[2020/02/26 23:09:59][CONFIG][initHTTPServer]  Initializing HTTP server...
[2020/02/26 23:09:59][CONFIG][initHTTPServer]  Building URI from configs...
[2020/02/26 23:09:59][CONFIG][initHTTPServer]  Final URI: http://0.0.0.0:12345/api/g
[2020/02/26 23:10:00][CONFIG][initHTTPServer]  Set Jersey resources.
[2020/02/26 23:10:00][CONFIG][initHTTPServer]  Set Jackson as serializer.
[2020/02/26 23:10:00][CONFIG][initHTTPServer]  Starting HTTP server...
[2020/02/26 23:10:04][CONFIG][initHTTPServer]  HTTP server started.
[2020/02/26 23:10:04][CONFIG][initService]  Service initialized.
[2020/02/26 23:10:31][INFO][get]  Requesting get.
[2020/02/26 23:10:31][INFO][isSessionValid]  Building client...
[2020/02/26 23:10:31][INFO][isSessionValid]  Building WebTarget...
[2020/02/26 23:10:31][INFO][isSessionValid]  Starting invocation builder...
[2020/02/26 23:10:31][INFO][isSessionValid]  Sending request...
[2020/02/26 23:10:31][INFO][isSessionValid]  Request sent.
[2020/02/26 23:10:32][INFO][mapping]  Mapping object: edu.uci.ics.chakkl.service.gateway.models.SessionResponseModel
[2020/02/26 23:10:32][INFO][buildGet]  Session invalid.
[2020/02/26 23:10:32][INFO][search]  Requesting search.
[2020/02/26 23:10:32][INFO][isSessionValid]  Building client...
[2020/02/26 23:10:32][INFO][isSessionValid]  Building WebTarget...
[2020/02/26 23:10:32][INFO][isSessionValid]  Starting invocation builder...
[2020/02/26 23:10:32][INFO][isSessionValid]  Sending request...
[2020/02/26 23:10:33][INFO][isSessionValid]  Request sent.
[2020/02/26 23:10:33][INFO][mapping]  Mapping object: edu.uci.ics.chakkl.service.gateway.models.SessionResponseModel
[2020/02/26 23:10:33][INFO][buildGet]  Session invalid.
[2020/02/26 23:11:30][INFO][login]  Requesting login.
[2020/02/26 23:11:30][INFO][process]  Thread 0 is processing request /login
[2020/02/26 23:11:30][INFO][process]  Building client...
[2020/02/26 23:11:30][INFO][process]  Building WebTarget...
[2020/02/26 23:11:30][INFO][process]  Sending to path: /login
[2020/02/26 23:11:30][INFO][process]  Starting invocation builder...
[2020/02/26 23:11:30][INFO][process]  Sending request...
[2020/02/26 23:11:30][INFO][process]  Request sent.
[2020/02/26 23:11:30][INFO][report]  Requesting report
[2020/02/26 23:11:30][INFO][process]  Request complete
[2020/02/26 23:11:31][INFO][report]  Has response.
[2020/02/26 23:11:32][INFO][report]  Requesting report
[2020/02/26 23:11:32][INFO][report]  Requesting report
[2020/02/26 23:11:33][INFO][report]  Requesting report
[2020/02/26 23:11:33][INFO][report]  Requesting report
[2020/02/26 23:11:34][INFO][report]  Requesting report
[2020/02/26 23:11:35][INFO][report]  Requesting report
[2020/02/26 23:11:35][INFO][report]  Requesting report
[2020/02/26 23:11:36][INFO][report]  Requesting report
[2020/02/26 23:11:36][INFO][report]  Requesting report
[2020/02/26 23:11:37][INFO][report]  Requesting report
[2020/02/26 23:11:37][INFO][report]  Requesting report
[2020/02/26 23:11:38][INFO][report]  Requesting report
[2020/02/26 23:11:38][INFO][report]  Requesting report
[2020/02/26 23:11:39][INFO][report]  Requesting report
[2020/02/26 23:11:39][INFO][report]  Requesting report
[2020/02/26 23:11:40][INFO][report]  Requesting report
[2020/02/26 23:11:40][INFO][report]  Requesting report
[2020/02/26 23:11:41][INFO][report]  Requesting report
[2020/02/26 23:11:42][INFO][report]  Requesting report
[2020/02/26 23:11:42][INFO][register]  Requesting register.
[2020/02/26 23:11:42][INFO][report]  Requesting report
[2020/02/26 23:11:42][INFO][process]  Thread 1 is processing request /register
[2020/02/26 23:11:42][INFO][process]  Building client...
[2020/02/26 23:11:42][INFO][process]  Building WebTarget...
[2020/02/26 23:11:42][INFO][process]  Sending to path: /register
[2020/02/26 23:11:42][INFO][process]  Starting invocation builder...
[2020/02/26 23:11:42][INFO][process]  Sending request...
[2020/02/26 23:11:42][INFO][process]  Request sent.
[2020/02/26 23:11:42][INFO][process]  Request complete
[2020/02/26 23:11:43][INFO][report]  Requesting report
[2020/02/26 23:11:43][INFO][report]  Has response.
[2020/02/26 23:11:43][INFO][report]  Requesting report
[2020/02/26 23:11:44][INFO][report]  Requesting report
[2020/02/26 23:11:44][INFO][report]  Requesting report
[2020/02/26 23:11:45][INFO][report]  Requesting report
[2020/02/26 23:11:45][INFO][report]  Requesting report
[2020/02/26 23:11:46][INFO][report]  Requesting report
[2020/02/26 23:11:46][INFO][report]  Requesting report
[2020/02/26 23:11:47][INFO][report]  Requesting report
[2020/02/26 23:11:47][INFO][report]  Requesting report
[2020/02/26 23:11:48][INFO][report]  Requesting report
[2020/02/26 23:11:48][INFO][report]  Requesting report
[2020/02/26 23:11:49][INFO][report]  Requesting report
[2020/02/26 23:11:50][INFO][report]  Requesting report
[2020/02/26 23:11:50][INFO][report]  Requesting report
[2020/02/26 23:11:51][INFO][report]  Requesting report
[2020/02/26 23:11:51][INFO][report]  Requesting report
[2020/02/26 23:11:52][INFO][report]  Requesting report
[2020/02/26 23:11:52][INFO][report]  Requesting report
[2020/02/26 23:12:09][INFO][get]  Requesting get.
[2020/02/26 23:12:09][INFO][isSessionValid]  Building client...
[2020/02/26 23:12:09][INFO][isSessionValid]  Building WebTarget...
[2020/02/26 23:12:09][INFO][isSessionValid]  Starting invocation builder...
[2020/02/26 23:12:09][INFO][isSessionValid]  Sending request...
[2020/02/26 23:12:09][INFO][isSessionValid]  Request sent.
[2020/02/26 23:12:09][INFO][mapping]  Mapping object: edu.uci.ics.chakkl.service.gateway.models.SessionResponseModel
[2020/02/26 23:12:09][INFO][buildGet]  Sending request to: http://0.0.0.0:12347/api/movies/get//tt4154796
[2020/02/26 23:12:09][INFO][process]  Thread 2 is processing request /get//tt4154796
[2020/02/26 23:12:09][INFO][process]  Building client...
[2020/02/26 23:12:09][INFO][process]  Building WebTarget...
[2020/02/26 23:12:09][INFO][process]  Sending to path: http://0.0.0.0:12347/api/movies/get//tt4154796
[2020/02/26 23:12:09][INFO][process]  Starting invocation builder...
[2020/02/26 23:12:09][INFO][process]  Sending request...
[2020/02/26 23:12:10][INFO][report]  Requesting report
[2020/02/26 23:12:10][INFO][isSessionValid]  Building client...
[2020/02/26 23:12:10][INFO][isSessionValid]  Building WebTarget...
[2020/02/26 23:12:10][INFO][isSessionValid]  Starting invocation builder...
[2020/02/26 23:12:10][INFO][isSessionValid]  Sending request...
[2020/02/26 23:12:10][INFO][isSessionValid]  Request sent.
[2020/02/26 23:12:10][INFO][mapping]  Mapping object: edu.uci.ics.chakkl.service.gateway.models.SessionResponseModel
[2020/02/26 23:12:10][INFO][process]  Request sent.
[2020/02/26 23:12:10][INFO][process]  Request complete
[2020/02/26 23:12:10][INFO][report]  Requesting report
[2020/02/26 23:12:10][INFO][isSessionValid]  Building client...
[2020/02/26 23:12:10][INFO][isSessionValid]  Building WebTarget...
[2020/02/26 23:12:10][INFO][isSessionValid]  Starting invocation builder...
[2020/02/26 23:12:10][INFO][isSessionValid]  Sending request...
[2020/02/26 23:12:10][INFO][isSessionValid]  Request sent.
[2020/02/26 23:12:10][INFO][mapping]  Mapping object: edu.uci.ics.chakkl.service.gateway.models.SessionResponseModel
[2020/02/26 23:12:10][INFO][report]  Has response.
[2020/02/26 23:12:11][INFO][report]  Requesting report
[2020/02/26 23:12:11][INFO][isSessionValid]  Building client...
[2020/02/26 23:12:11][INFO][isSessionValid]  Building WebTarget...
[2020/02/26 23:12:11][INFO][isSessionValid]  Starting invocation builder...
[2020/02/26 23:12:11][INFO][isSessionValid]  Sending request...
[2020/02/26 23:12:11][INFO][isSessionValid]  Request sent.
[2020/02/26 23:12:11][INFO][mapping]  Mapping object: edu.uci.ics.chakkl.service.gateway.models.SessionResponseModel
[2020/02/26 23:12:12][INFO][report]  Requesting report
[2020/02/26 23:12:12][INFO][isSessionValid]  Building client...
[2020/02/26 23:12:12][INFO][isSessionValid]  Building WebTarget...
[2020/02/26 23:12:12][INFO][isSessionValid]  Starting invocation builder...
[2020/02/26 23:12:12][INFO][isSessionValid]  Sending request...
[2020/02/26 23:12:12][INFO][isSessionValid]  Request sent.
[2020/02/26 23:12:12][INFO][mapping]  Mapping object: edu.uci.ics.chakkl.service.gateway.models.SessionResponseModel
[2020/02/26 23:12:12][INFO][report]  Requesting report
[2020/02/26 23:12:12][INFO][isSessionValid]  Building client...
[2020/02/26 23:12:12][INFO][isSessionValid]  Building WebTarget...
[2020/02/26 23:12:12][INFO][isSessionValid]  Starting invocation builder...
[2020/02/26 23:12:12][INFO][isSessionValid]  Sending request...
[2020/02/26 23:12:12][INFO][isSessionValid]  Request sent.
[2020/02/26 23:12:12][INFO][mapping]  Mapping object: edu.uci.ics.chakkl.service.gateway.models.SessionResponseModel
[2020/02/26 23:12:13][INFO][report]  Requesting report
[2020/02/26 23:12:13][INFO][isSessionValid]  Building client...
[2020/02/26 23:12:13][INFO][isSessionValid]  Building WebTarget...
[2020/02/26 23:12:13][INFO][isSessionValid]  Starting invocation builder...
[2020/02/26 23:12:13][INFO][isSessionValid]  Sending request...
[2020/02/26 23:12:13][INFO][isSessionValid]  Request sent.
[2020/02/26 23:12:13][INFO][mapping]  Mapping object: edu.uci.ics.chakkl.service.gateway.models.SessionResponseModel
[2020/02/26 23:12:13][INFO][report]  Requesting report
[2020/02/26 23:12:13][INFO][isSessionValid]  Building client...
[2020/02/26 23:12:13][INFO][isSessionValid]  Building WebTarget...
[2020/02/26 23:12:13][INFO][isSessionValid]  Starting invocation builder...
[2020/02/26 23:12:13][INFO][isSessionValid]  Sending request...
[2020/02/26 23:12:13][INFO][isSessionValid]  Request sent.
[2020/02/26 23:12:13][INFO][mapping]  Mapping object: edu.uci.ics.chakkl.service.gateway.models.SessionResponseModel
[2020/02/26 23:12:14][INFO][report]  Requesting report
[2020/02/26 23:12:14][INFO][isSessionValid]  Building client...
[2020/02/26 23:12:14][INFO][isSessionValid]  Building WebTarget...
[2020/02/26 23:12:14][INFO][isSessionValid]  Starting invocation builder...
[2020/02/26 23:12:14][INFO][isSessionValid]  Sending request...
[2020/02/26 23:12:14][INFO][isSessionValid]  Request sent.
[2020/02/26 23:12:14][INFO][mapping]  Mapping object: edu.uci.ics.chakkl.service.gateway.models.SessionResponseModel
[2020/02/26 23:12:15][INFO][report]  Requesting report
[2020/02/26 23:12:15][INFO][isSessionValid]  Building client...
[2020/02/26 23:12:15][INFO][isSessionValid]  Building WebTarget...
[2020/02/26 23:12:15][INFO][isSessionValid]  Starting invocation builder...
[2020/02/26 23:12:15][INFO][isSessionValid]  Sending request...
[2020/02/26 23:12:15][INFO][isSessionValid]  Request sent.
[2020/02/26 23:12:15][INFO][mapping]  Mapping object: edu.uci.ics.chakkl.service.gateway.models.SessionResponseModel
[2020/02/26 23:12:16][INFO][report]  Requesting report
[2020/02/26 23:12:16][INFO][isSessionValid]  Building client...
[2020/02/26 23:12:16][INFO][isSessionValid]  Building WebTarget...
[2020/02/26 23:12:16][INFO][isSessionValid]  Starting invocation builder...
[2020/02/26 23:12:16][INFO][isSessionValid]  Sending request...
[2020/02/26 23:12:16][INFO][isSessionValid]  Request sent.
[2020/02/26 23:12:16][INFO][mapping]  Mapping object: edu.uci.ics.chakkl.service.gateway.models.SessionResponseModel
[2020/02/26 23:12:16][INFO][report]  Requesting report
[2020/02/26 23:12:16][INFO][isSessionValid]  Building client...
[2020/02/26 23:12:16][INFO][isSessionValid]  Building WebTarget...
[2020/02/26 23:12:16][INFO][isSessionValid]  Starting invocation builder...
[2020/02/26 23:12:16][INFO][isSessionValid]  Sending request...
[2020/02/26 23:12:16][INFO][isSessionValid]  Request sent.
[2020/02/26 23:12:16][INFO][mapping]  Mapping object: edu.uci.ics.chakkl.service.gateway.models.SessionResponseModel
[2020/02/26 23:12:17][INFO][report]  Requesting report
[2020/02/26 23:12:17][INFO][isSessionValid]  Building client...
[2020/02/26 23:12:17][INFO][isSessionValid]  Building WebTarget...
[2020/02/26 23:12:17][INFO][isSessionValid]  Starting invocation builder...
[2020/02/26 23:12:17][INFO][isSessionValid]  Sending request...
[2020/02/26 23:12:17][INFO][isSessionValid]  Request sent.
[2020/02/26 23:12:17][INFO][mapping]  Mapping object: edu.uci.ics.chakkl.service.gateway.models.SessionResponseModel
[2020/02/26 23:12:17][INFO][report]  Requesting report
[2020/02/26 23:12:17][INFO][isSessionValid]  Building client...
[2020/02/26 23:12:17][INFO][isSessionValid]  Building WebTarget...
[2020/02/26 23:12:17][INFO][isSessionValid]  Starting invocation builder...
[2020/02/26 23:12:17][INFO][isSessionValid]  Sending request...
[2020/02/26 23:12:18][INFO][isSessionValid]  Request sent.
[2020/02/26 23:12:18][INFO][mapping]  Mapping object: edu.uci.ics.chakkl.service.gateway.models.SessionResponseModel
[2020/02/26 23:12:18][INFO][report]  Requesting report
[2020/02/26 23:12:18][INFO][isSessionValid]  Building client...
[2020/02/26 23:12:18][INFO][isSessionValid]  Building WebTarget...
[2020/02/26 23:12:18][INFO][isSessionValid]  Starting invocation builder...
[2020/02/26 23:12:18][INFO][isSessionValid]  Sending request...
[2020/02/26 23:12:18][INFO][isSessionValid]  Request sent.
[2020/02/26 23:12:18][INFO][mapping]  Mapping object: edu.uci.ics.chakkl.service.gateway.models.SessionResponseModel
[2020/02/26 23:12:19][INFO][report]  Requesting report
[2020/02/26 23:12:19][INFO][isSessionValid]  Building client...
[2020/02/26 23:12:19][INFO][isSessionValid]  Building WebTarget...
[2020/02/26 23:12:19][INFO][isSessionValid]  Starting invocation builder...
[2020/02/26 23:12:19][INFO][isSessionValid]  Sending request...
[2020/02/26 23:12:19][INFO][isSessionValid]  Request sent.
[2020/02/26 23:12:19][INFO][mapping]  Mapping object: edu.uci.ics.chakkl.service.gateway.models.SessionResponseModel
[2020/02/26 23:12:19][INFO][report]  Requesting report
[2020/02/26 23:12:19][INFO][isSessionValid]  Building client...
[2020/02/26 23:12:19][INFO][isSessionValid]  Building WebTarget...
[2020/02/26 23:12:19][INFO][isSessionValid]  Starting invocation builder...
[2020/02/26 23:12:19][INFO][isSessionValid]  Sending request...
[2020/02/26 23:12:19][INFO][isSessionValid]  Request sent.
[2020/02/26 23:12:19][INFO][mapping]  Mapping object: edu.uci.ics.chakkl.service.gateway.models.SessionResponseModel
[2020/02/26 23:12:20][INFO][report]  Requesting report
[2020/02/26 23:12:20][INFO][isSessionValid]  Building client...
[2020/02/26 23:12:20][INFO][isSessionValid]  Building WebTarget...
[2020/02/26 23:12:20][INFO][isSessionValid]  Starting invocation builder...
[2020/02/26 23:12:20][INFO][isSessionValid]  Sending request...
[2020/02/26 23:12:20][INFO][isSessionValid]  Request sent.
[2020/02/26 23:12:20][INFO][mapping]  Mapping object: edu.uci.ics.chakkl.service.gateway.models.SessionResponseModel
[2020/02/26 23:12:21][INFO][report]  Requesting report
[2020/02/26 23:12:21][INFO][isSessionValid]  Building client...
[2020/02/26 23:12:21][INFO][isSessionValid]  Building WebTarget...
[2020/02/26 23:12:21][INFO][isSessionValid]  Starting invocation builder...
[2020/02/26 23:12:21][INFO][isSessionValid]  Sending request...
[2020/02/26 23:12:21][INFO][isSessionValid]  Request sent.
[2020/02/26 23:12:21][INFO][mapping]  Mapping object: edu.uci.ics.chakkl.service.gateway.models.SessionResponseModel
[2020/02/26 23:12:21][INFO][report]  Requesting report
[2020/02/26 23:12:21][INFO][isSessionValid]  Building client...
[2020/02/26 23:12:21][INFO][isSessionValid]  Building WebTarget...
[2020/02/26 23:12:21][INFO][isSessionValid]  Starting invocation builder...
[2020/02/26 23:12:21][INFO][isSessionValid]  Sending request...
[2020/02/26 23:12:21][INFO][isSessionValid]  Request sent.
[2020/02/26 23:12:21][INFO][mapping]  Mapping object: edu.uci.ics.chakkl.service.gateway.models.SessionResponseModel
[2020/02/26 23:12:22][INFO][report]  Requesting report
[2020/02/26 23:12:22][INFO][isSessionValid]  Building client...
[2020/02/26 23:12:22][INFO][isSessionValid]  Building WebTarget...
[2020/02/26 23:12:22][INFO][isSessionValid]  Starting invocation builder...
[2020/02/26 23:12:22][INFO][isSessionValid]  Sending request...
[2020/02/26 23:12:22][INFO][isSessionValid]  Request sent.
[2020/02/26 23:12:22][INFO][mapping]  Mapping object: edu.uci.ics.chakkl.service.gateway.models.SessionResponseModel
[2020/02/26 23:12:22][INFO][search]  Requesting search.
[2020/02/26 23:12:22][INFO][isSessionValid]  Building client...
[2020/02/26 23:12:22][INFO][isSessionValid]  Building WebTarget...
[2020/02/26 23:12:22][INFO][isSessionValid]  Starting invocation builder...
[2020/02/26 23:12:22][INFO][isSessionValid]  Sending request...
[2020/02/26 23:12:22][INFO][isSessionValid]  Request sent.
[2020/02/26 23:12:22][INFO][mapping]  Mapping object: edu.uci.ics.chakkl.service.gateway.models.SessionResponseModel
[2020/02/26 23:12:22][INFO][buildGet]  Sending request to: http://0.0.0.0:12347/api/movies/search
[2020/02/26 23:12:22][INFO][process]  Thread 3 is processing request /search
[2020/02/26 23:12:22][INFO][report]  Requesting report
[2020/02/26 23:12:22][INFO][process]  Building client...
[2020/02/26 23:12:22][INFO][process]  Building WebTarget...
[2020/02/26 23:12:22][INFO][isSessionValid]  Building client...
[2020/02/26 23:12:22][INFO][process]  Sending to path: http://0.0.0.0:12347/api/movies/search
[2020/02/26 23:12:22][INFO][process]  Starting invocation builder...
[2020/02/26 23:12:22][INFO][process]  Sending request...
[2020/02/26 23:12:22][INFO][isSessionValid]  Building WebTarget...
[2020/02/26 23:12:22][INFO][isSessionValid]  Starting invocation builder...
[2020/02/26 23:12:22][INFO][isSessionValid]  Sending request...
[2020/02/26 23:12:23][INFO][isSessionValid]  Request sent.
[2020/02/26 23:12:23][INFO][mapping]  Mapping object: edu.uci.ics.chakkl.service.gateway.models.SessionResponseModel
[2020/02/26 23:12:23][INFO][report]  Requesting report
[2020/02/26 23:12:23][INFO][isSessionValid]  Building client...
[2020/02/26 23:12:23][INFO][isSessionValid]  Building WebTarget...
[2020/02/26 23:12:23][INFO][isSessionValid]  Starting invocation builder...
[2020/02/26 23:12:23][INFO][isSessionValid]  Sending request...
[2020/02/26 23:12:23][INFO][isSessionValid]  Request sent.
[2020/02/26 23:12:23][INFO][mapping]  Mapping object: edu.uci.ics.chakkl.service.gateway.models.SessionResponseModel
[2020/02/26 23:12:24][INFO][process]  Request sent.
[2020/02/26 23:12:24][INFO][process]  Request complete
[2020/02/26 23:12:24][INFO][report]  Requesting report
[2020/02/26 23:12:24][INFO][isSessionValid]  Building client...
[2020/02/26 23:12:24][INFO][isSessionValid]  Building WebTarget...
[2020/02/26 23:12:24][INFO][isSessionValid]  Starting invocation builder...
[2020/02/26 23:12:24][INFO][isSessionValid]  Sending request...
[2020/02/26 23:12:24][INFO][isSessionValid]  Request sent.
[2020/02/26 23:12:24][INFO][mapping]  Mapping object: edu.uci.ics.chakkl.service.gateway.models.SessionResponseModel
[2020/02/26 23:12:24][INFO][report]  Has response.
[2020/02/26 23:12:24][INFO][report]  Requesting report
[2020/02/26 23:12:24][INFO][isSessionValid]  Building client...
[2020/02/26 23:12:24][INFO][isSessionValid]  Building WebTarget...
[2020/02/26 23:12:24][INFO][isSessionValid]  Starting invocation builder...
[2020/02/26 23:12:24][INFO][isSessionValid]  Sending request...
[2020/02/26 23:12:25][INFO][isSessionValid]  Request sent.
[2020/02/26 23:12:25][INFO][mapping]  Mapping object: edu.uci.ics.chakkl.service.gateway.models.SessionResponseModel
[2020/02/26 23:12:25][INFO][report]  Requesting report
[2020/02/26 23:12:25][INFO][isSessionValid]  Building client...
[2020/02/26 23:12:25][INFO][isSessionValid]  Building WebTarget...
[2020/02/26 23:12:25][INFO][isSessionValid]  Starting invocation builder...
[2020/02/26 23:12:25][INFO][isSessionValid]  Sending request...
[2020/02/26 23:12:25][INFO][isSessionValid]  Request sent.
[2020/02/26 23:12:25][INFO][mapping]  Mapping object: edu.uci.ics.chakkl.service.gateway.models.SessionResponseModel
[2020/02/26 23:12:26][INFO][report]  Requesting report
[2020/02/26 23:12:26][INFO][isSessionValid]  Building client...
[2020/02/26 23:12:26][INFO][isSessionValid]  Building WebTarget...
[2020/02/26 23:12:26][INFO][isSessionValid]  Starting invocation builder...
[2020/02/26 23:12:26][INFO][isSessionValid]  Sending request...
[2020/02/26 23:12:26][INFO][isSessionValid]  Request sent.
[2020/02/26 23:12:26][INFO][mapping]  Mapping object: edu.uci.ics.chakkl.service.gateway.models.SessionResponseModel
[2020/02/26 23:12:26][INFO][report]  Requesting report
[2020/02/26 23:12:26][INFO][isSessionValid]  Building client...
[2020/02/26 23:12:26][INFO][isSessionValid]  Building WebTarget...
[2020/02/26 23:12:26][INFO][isSessionValid]  Starting invocation builder...
[2020/02/26 23:12:26][INFO][isSessionValid]  Sending request...
[2020/02/26 23:12:26][INFO][isSessionValid]  Request sent.
[2020/02/26 23:12:26][INFO][mapping]  Mapping object: edu.uci.ics.chakkl.service.gateway.models.SessionResponseModel
[2020/02/26 23:12:27][INFO][report]  Requesting report
[2020/02/26 23:12:27][INFO][isSessionValid]  Building client...
[2020/02/26 23:12:27][INFO][isSessionValid]  Building WebTarget...
[2020/02/26 23:12:27][INFO][isSessionValid]  Starting invocation builder...
[2020/02/26 23:12:27][INFO][isSessionValid]  Sending request...
[2020/02/26 23:12:27][INFO][isSessionValid]  Request sent.
[2020/02/26 23:12:27][INFO][mapping]  Mapping object: edu.uci.ics.chakkl.service.gateway.models.SessionResponseModel
[2020/02/26 23:12:28][INFO][report]  Requesting report
[2020/02/26 23:12:28][INFO][isSessionValid]  Building client...
[2020/02/26 23:12:28][INFO][isSessionValid]  Building WebTarget...
[2020/02/26 23:12:28][INFO][isSessionValid]  Starting invocation builder...
[2020/02/26 23:12:28][INFO][isSessionValid]  Sending request...
[2020/02/26 23:12:28][INFO][isSessionValid]  Request sent.
[2020/02/26 23:12:28][INFO][mapping]  Mapping object: edu.uci.ics.chakkl.service.gateway.models.SessionResponseModel
[2020/02/26 23:12:28][INFO][report]  Requesting report
[2020/02/26 23:12:28][INFO][isSessionValid]  Building client...
[2020/02/26 23:12:28][INFO][isSessionValid]  Building WebTarget...
[2020/02/26 23:12:28][INFO][isSessionValid]  Starting invocation builder...
[2020/02/26 23:12:28][INFO][isSessionValid]  Sending request...
[2020/02/26 23:12:28][INFO][isSessionValid]  Request sent.
[2020/02/26 23:12:28][INFO][mapping]  Mapping object: edu.uci.ics.chakkl.service.gateway.models.SessionResponseModel
[2020/02/26 23:12:29][INFO][report]  Requesting report
[2020/02/26 23:12:29][INFO][isSessionValid]  Building client...
[2020/02/26 23:12:29][INFO][isSessionValid]  Building WebTarget...
[2020/02/26 23:12:29][INFO][isSessionValid]  Starting invocation builder...
[2020/02/26 23:12:29][INFO][isSessionValid]  Sending request...
[2020/02/26 23:12:29][INFO][isSessionValid]  Request sent.
[2020/02/26 23:12:29][INFO][mapping]  Mapping object: edu.uci.ics.chakkl.service.gateway.models.SessionResponseModel
[2020/02/26 23:12:29][INFO][report]  Requesting report
[2020/02/26 23:12:29][INFO][isSessionValid]  Building client...
[2020/02/26 23:12:29][INFO][isSessionValid]  Building WebTarget...
[2020/02/26 23:12:29][INFO][isSessionValid]  Starting invocation builder...
[2020/02/26 23:12:29][INFO][isSessionValid]  Sending request...
[2020/02/26 23:12:29][INFO][isSessionValid]  Request sent.
[2020/02/26 23:12:29][INFO][mapping]  Mapping object: edu.uci.ics.chakkl.service.gateway.models.SessionResponseModel
[2020/02/26 23:12:30][INFO][report]  Requesting report
[2020/02/26 23:12:30][INFO][isSessionValid]  Building client...
[2020/02/26 23:12:30][INFO][isSessionValid]  Building WebTarget...
[2020/02/26 23:12:30][INFO][isSessionValid]  Starting invocation builder...
[2020/02/26 23:12:30][INFO][isSessionValid]  Sending request...
[2020/02/26 23:12:30][INFO][isSessionValid]  Request sent.
[2020/02/26 23:12:30][INFO][mapping]  Mapping object: edu.uci.ics.chakkl.service.gateway.models.SessionResponseModel
[2020/02/26 23:12:31][INFO][report]  Requesting report
[2020/02/26 23:12:31][INFO][isSessionValid]  Building client...
[2020/02/26 23:12:31][INFO][isSessionValid]  Building WebTarget...
[2020/02/26 23:12:31][INFO][isSessionValid]  Starting invocation builder...
[2020/02/26 23:12:31][INFO][isSessionValid]  Sending request...
[2020/02/26 23:12:31][INFO][isSessionValid]  Request sent.
[2020/02/26 23:12:31][INFO][mapping]  Mapping object: edu.uci.ics.chakkl.service.gateway.models.SessionResponseModel
[2020/02/26 23:12:31][INFO][report]  Requesting report
[2020/02/26 23:12:31][INFO][isSessionValid]  Building client...
[2020/02/26 23:12:31][INFO][isSessionValid]  Building WebTarget...
[2020/02/26 23:12:31][INFO][isSessionValid]  Starting invocation builder...
[2020/02/26 23:12:31][INFO][isSessionValid]  Sending request...
[2020/02/26 23:12:31][INFO][isSessionValid]  Request sent.
[2020/02/26 23:12:31][INFO][mapping]  Mapping object: edu.uci.ics.chakkl.service.gateway.models.SessionResponseModel
[2020/02/26 23:12:32][INFO][report]  Requesting report
[2020/02/26 23:12:32][INFO][isSessionValid]  Building client...
[2020/02/26 23:12:32][INFO][isSessionValid]  Building WebTarget...
[2020/02/26 23:12:32][INFO][isSessionValid]  Starting invocation builder...
[2020/02/26 23:12:32][INFO][isSessionValid]  Sending request...
[2020/02/26 23:12:32][INFO][isSessionValid]  Request sent.
[2020/02/26 23:12:32][INFO][mapping]  Mapping object: edu.uci.ics.chakkl.service.gateway.models.SessionResponseModel
[2020/02/26 23:12:32][INFO][report]  Requesting report
[2020/02/26 23:12:32][INFO][isSessionValid]  Building client...
[2020/02/26 23:12:32][INFO][isSessionValid]  Building WebTarget...
[2020/02/26 23:12:32][INFO][isSessionValid]  Starting invocation builder...
[2020/02/26 23:12:32][INFO][isSessionValid]  Sending request...
[2020/02/26 23:12:32][INFO][isSessionValid]  Request sent.
[2020/02/26 23:12:32][INFO][mapping]  Mapping object: edu.uci.ics.chakkl.service.gateway.models.SessionResponseModel
[2020/02/26 23:12:33][INFO][report]  Requesting report
[2020/02/26 23:12:33][INFO][isSessionValid]  Building client...
[2020/02/26 23:12:33][INFO][isSessionValid]  Building WebTarget...
[2020/02/26 23:12:33][INFO][isSessionValid]  Starting invocation builder...
[2020/02/26 23:12:33][INFO][isSessionValid]  Sending request...
[2020/02/26 23:12:33][INFO][isSessionValid]  Request sent.
[2020/02/26 23:12:33][INFO][mapping]  Mapping object: edu.uci.ics.chakkl.service.gateway.models.SessionResponseModel
[2020/02/26 23:12:33][INFO][report]  Requesting report
[2020/02/26 23:12:33][INFO][isSessionValid]  Building client...
[2020/02/26 23:12:33][INFO][isSessionValid]  Building WebTarget...
[2020/02/26 23:12:33][INFO][isSessionValid]  Starting invocation builder...
[2020/02/26 23:12:33][INFO][isSessionValid]  Sending request...
[2020/02/26 23:12:34][INFO][isSessionValid]  Request sent.
[2020/02/26 23:12:34][INFO][mapping]  Mapping object: edu.uci.ics.chakkl.service.gateway.models.SessionResponseModel
[2020/02/26 23:12:34][INFO][report]  Requesting report
[2020/02/26 23:12:34][INFO][isSessionValid]  Building client...
[2020/02/26 23:12:34][INFO][isSessionValid]  Building WebTarget...
[2020/02/26 23:12:34][INFO][isSessionValid]  Starting invocation builder...
[2020/02/26 23:12:34][INFO][isSessionValid]  Sending request...
[2020/02/26 23:12:34][INFO][isSessionValid]  Request sent.
[2020/02/26 23:12:34][INFO][mapping]  Mapping object: edu.uci.ics.chakkl.service.gateway.models.SessionResponseModel
[2020/02/26 23:12:50][INFO][cartInsert]  Requesting cart insert
[2020/02/26 23:12:50][INFO][isSessionValid]  Building client...
[2020/02/26 23:12:50][INFO][isSessionValid]  Building WebTarget...
[2020/02/26 23:12:50][INFO][isSessionValid]  Starting invocation builder...
[2020/02/26 23:12:50][INFO][isSessionValid]  Sending request...
[2020/02/26 23:12:50][INFO][isSessionValid]  Request sent.
[2020/02/26 23:12:50][INFO][mapping]  Mapping object: edu.uci.ics.chakkl.service.gateway.models.SessionResponseModel
[2020/02/26 23:12:50][INFO][process]  Thread 4 is processing request /cart/insert
[2020/02/26 23:12:50][INFO][process]  Building client...
[2020/02/26 23:12:50][INFO][process]  Building WebTarget...
[2020/02/26 23:12:50][INFO][process]  Sending to path: /cart/insert
[2020/02/26 23:12:50][INFO][process]  Starting invocation builder...
[2020/02/26 23:12:50][INFO][process]  Sending request...
[2020/02/26 23:12:50][INFO][report]  Requesting report
[2020/02/26 23:12:50][INFO][isSessionValid]  Building client...
[2020/02/26 23:12:50][INFO][isSessionValid]  Building WebTarget...
[2020/02/26 23:12:50][INFO][isSessionValid]  Starting invocation builder...
[2020/02/26 23:12:50][INFO][isSessionValid]  Sending request...
[2020/02/26 23:12:51][INFO][isSessionValid]  Request sent.
[2020/02/26 23:12:51][INFO][mapping]  Mapping object: edu.uci.ics.chakkl.service.gateway.models.SessionResponseModel
[2020/02/26 23:12:51][INFO][report]  Requesting report
[2020/02/26 23:12:51][INFO][isSessionValid]  Building client...
[2020/02/26 23:12:51][INFO][isSessionValid]  Building WebTarget...
[2020/02/26 23:12:51][INFO][isSessionValid]  Starting invocation builder...
[2020/02/26 23:12:51][INFO][isSessionValid]  Sending request...
[2020/02/26 23:12:51][INFO][isSessionValid]  Request sent.
[2020/02/26 23:12:51][INFO][mapping]  Mapping object: edu.uci.ics.chakkl.service.gateway.models.SessionResponseModel
[2020/02/26 23:12:52][INFO][report]  Requesting report
[2020/02/26 23:12:52][INFO][isSessionValid]  Building client...
[2020/02/26 23:12:52][INFO][isSessionValid]  Building WebTarget...
[2020/02/26 23:12:52][INFO][isSessionValid]  Starting invocation builder...
[2020/02/26 23:12:52][INFO][isSessionValid]  Sending request...
[2020/02/26 23:12:52][INFO][isSessionValid]  Request sent.
[2020/02/26 23:12:52][INFO][mapping]  Mapping object: edu.uci.ics.chakkl.service.gateway.models.SessionResponseModel
[2020/02/26 23:12:52][INFO][report]  Requesting report
[2020/02/26 23:12:52][INFO][isSessionValid]  Building client...
[2020/02/26 23:12:52][INFO][isSessionValid]  Building WebTarget...
[2020/02/26 23:12:52][INFO][isSessionValid]  Starting invocation builder...
[2020/02/26 23:12:52][INFO][isSessionValid]  Sending request...
[2020/02/26 23:12:52][INFO][isSessionValid]  Request sent.
[2020/02/26 23:12:52][INFO][mapping]  Mapping object: edu.uci.ics.chakkl.service.gateway.models.SessionResponseModel
[2020/02/26 23:12:53][INFO][report]  Requesting report
[2020/02/26 23:12:53][INFO][isSessionValid]  Building client...
[2020/02/26 23:12:53][INFO][isSessionValid]  Building WebTarget...
[2020/02/26 23:12:53][INFO][isSessionValid]  Starting invocation builder...
[2020/02/26 23:12:53][INFO][isSessionValid]  Sending request...
[2020/02/26 23:12:53][INFO][isSessionValid]  Request sent.
[2020/02/26 23:12:53][INFO][mapping]  Mapping object: edu.uci.ics.chakkl.service.gateway.models.SessionResponseModel
[2020/02/26 23:12:53][INFO][process]  Request sent.
[2020/02/26 23:12:53][INFO][process]  Request complete
[2020/02/26 23:12:53][INFO][report]  Requesting report
[2020/02/26 23:12:53][INFO][isSessionValid]  Building client...
[2020/02/26 23:12:53][INFO][isSessionValid]  Building WebTarget...
[2020/02/26 23:12:53][INFO][isSessionValid]  Starting invocation builder...
[2020/02/26 23:12:53][INFO][isSessionValid]  Sending request...
[2020/02/26 23:12:54][INFO][isSessionValid]  Request sent.
[2020/02/26 23:12:54][INFO][mapping]  Mapping object: edu.uci.ics.chakkl.service.gateway.models.SessionResponseModel
[2020/02/26 23:12:54][INFO][report]  Has response.
[2020/02/26 23:12:54][INFO][report]  Requesting report
[2020/02/26 23:12:54][INFO][isSessionValid]  Building client...
[2020/02/26 23:12:54][INFO][isSessionValid]  Building WebTarget...
[2020/02/26 23:12:54][INFO][isSessionValid]  Starting invocation builder...
[2020/02/26 23:12:54][INFO][isSessionValid]  Sending request...
[2020/02/26 23:12:54][INFO][isSessionValid]  Request sent.
[2020/02/26 23:12:54][INFO][mapping]  Mapping object: edu.uci.ics.chakkl.service.gateway.models.SessionResponseModel
[2020/02/26 23:12:55][INFO][report]  Requesting report
[2020/02/26 23:12:55][INFO][isSessionValid]  Building client...
[2020/02/26 23:12:55][INFO][isSessionValid]  Building WebTarget...
[2020/02/26 23:12:55][INFO][isSessionValid]  Starting invocation builder...
[2020/02/26 23:12:55][INFO][isSessionValid]  Sending request...
[2020/02/26 23:12:55][INFO][isSessionValid]  Request sent.
[2020/02/26 23:12:55][INFO][mapping]  Mapping object: edu.uci.ics.chakkl.service.gateway.models.SessionResponseModel
[2020/02/26 23:12:55][INFO][report]  Requesting report
[2020/02/26 23:12:55][INFO][isSessionValid]  Building client...
[2020/02/26 23:12:55][INFO][isSessionValid]  Building WebTarget...
[2020/02/26 23:12:55][INFO][isSessionValid]  Starting invocation builder...
[2020/02/26 23:12:55][INFO][isSessionValid]  Sending request...
[2020/02/26 23:12:55][INFO][isSessionValid]  Request sent.
[2020/02/26 23:12:55][INFO][mapping]  Mapping object: edu.uci.ics.chakkl.service.gateway.models.SessionResponseModel
[2020/02/26 23:12:56][INFO][report]  Requesting report
[2020/02/26 23:12:56][INFO][isSessionValid]  Building client...
[2020/02/26 23:12:56][INFO][isSessionValid]  Building WebTarget...
[2020/02/26 23:12:56][INFO][isSessionValid]  Starting invocation builder...
[2020/02/26 23:12:56][INFO][isSessionValid]  Sending request...
[2020/02/26 23:12:56][INFO][isSessionValid]  Request sent.
[2020/02/26 23:12:56][INFO][mapping]  Mapping object: edu.uci.ics.chakkl.service.gateway.models.SessionResponseModel
